2025-05-28 21:30:48,534 - __main__ - INFO - Pipeline initialized successfully
2025-05-28 21:30:48,534 - __main__ - INFO - 🚀 Starting AI Tweet Sentiment Analysis Pipeline
2025-05-28 21:30:48,534 - __main__ - INFO - Starting data extraction from: Final Tweets.csv
2025-05-28 21:30:48,603 - __main__ - INFO - Successfully extracted 25235 records
2025-05-28 21:30:48,603 - __main__ - INFO - Validating input data...
2025-05-28 21:30:48,604 - __main__ - INFO - Data validation passed. Using text column: Tweets
2025-05-28 21:30:48,604 - __main__ - INFO - Starting data transformation...
2025-05-28 21:30:48,605 - __main__ - INFO - Applying text preprocessing...
2025-05-28 21:30:49,443 - __main__ - INFO - Performing sentiment analysis...
2025-05-28 21:30:49,443 - __main__ - INFO - Loading transformer model: cardiffnlp/twitter-roberta-base-sentiment-latest
2025-05-28 21:30:49,792 - transformers.modeling_utils - WARNING - Some weights of the model checkpoint at cardiffnlp/twitter-roberta-base-sentiment-latest were not used when initializing RobertaForSequenceClassification: ['roberta.pooler.dense.bias', 'roberta.pooler.dense.weight']
- This IS expected if you are initializing RobertaForSequenceClassification from the checkpoint of a model trained on another task or with another architecture (e.g. initializing a BertForSequenceClassification model from a BertForPreTraining model).
- This IS NOT expected if you are initializing RobertaForSequenceClassification from the checkpoint of a model that you expect to be exactly identical (initializing a BertForSequenceClassification model from a BertForSequenceClassification model).
2025-05-28 21:30:49,931 - transformers.pipelines.base - WARNING - Device set to use cpu
2025-05-28 21:30:49,933 - __main__ - INFO - Transformer model loaded successfully
2025-05-28 21:32:04,898 - __main__ - INFO - Processed 1000/25235 records
2025-05-28 21:33:15,109 - __main__ - INFO - Processed 2000/25235 records
2025-05-28 21:34:25,391 - __main__ - INFO - Processed 3000/25235 records
2025-05-28 21:35:36,821 - __main__ - INFO - Processed 4000/25235 records
2025-05-28 21:36:55,871 - __main__ - INFO - Processed 5000/25235 records
2025-05-28 21:38:17,323 - __main__ - INFO - Processed 6000/25235 records
2025-05-28 21:39:33,335 - __main__ - INFO - Processed 7000/25235 records
2025-05-28 21:40:59,450 - __main__ - INFO - Processed 8000/25235 records
2025-05-28 21:42:25,710 - __main__ - INFO - Processed 9000/25235 records
2025-05-28 21:43:46,465 - __main__ - INFO - Processed 10000/25235 records
2025-05-28 21:44:59,037 - __main__ - INFO - Processed 11000/25235 records
2025-05-28 21:46:10,864 - __main__ - INFO - Processed 12000/25235 records
2025-05-28 21:47:14,435 - __main__ - INFO - Processed 13000/25235 records
2025-05-28 21:48:23,753 - __main__ - INFO - Processed 14000/25235 records
2025-05-28 21:49:42,852 - __main__ - INFO - Processed 15000/25235 records
2025-05-28 21:51:02,637 - __main__ - INFO - Processed 16000/25235 records
2025-05-28 21:52:14,535 - __main__ - INFO - Processed 17000/25235 records
2025-05-28 21:53:31,422 - __main__ - INFO - Processed 18000/25235 records
2025-05-28 21:54:48,612 - __main__ - INFO - Processed 19000/25235 records
2025-05-28 21:56:05,309 - __main__ - INFO - Processed 20000/25235 records
2025-05-28 21:57:22,716 - __main__ - INFO - Processed 21000/25235 records
2025-05-28 21:58:38,721 - __main__ - INFO - Processed 22000/25235 records
2025-05-28 21:59:53,860 - __main__ - INFO - Processed 23000/25235 records
2025-05-28 22:01:12,359 - __main__ - INFO - Processed 24000/25235 records
2025-05-28 22:02:32,871 - __main__ - INFO - Processed 25000/25235 records
2025-05-28 22:02:50,411 - __main__ - INFO - Transformation completed in 1921.81 seconds
2025-05-28 22:02:50,411 - __main__ - INFO - Starting data loading...
2025-05-28 22:02:50,794 - __main__ - INFO - Pipeline metadata saved to: ./pipeline_outputs/processed_tweets_20250528_220250_metadata.json
2025-05-28 22:02:50,794 - __main__ - INFO - Data successfully loaded to: ./pipeline_outputs/processed_tweets_20250528_220250.csv
2025-05-28 22:02:50,794 - __main__ - INFO - ============================================================
2025-05-28 22:02:50,794 - __main__ - INFO -  PIPELINE EXECUTION SUMMARY
2025-05-28 22:02:50,794 - __main__ - INFO - ============================================================
2025-05-28 22:02:50,794 - __main__ - INFO - Total Records: 25,235
2025-05-28 22:02:50,794 - __main__ - INFO - Successfully Processed: 25,235
2025-05-28 22:02:50,794 - __main__ - INFO - Failed Records: 0
2025-05-28 22:02:50,794 - __main__ - INFO - Success Rate: 100.0%
2025-05-28 22:02:50,794 - __main__ - INFO - Processing Time: 1921.81 seconds
2025-05-28 22:02:50,795 - __main__ - INFO - Processing Speed: 13.1 records/second
2025-05-28 22:02:50,795 - __main__ - INFO -  Pipeline completed successfully!
2025-05-29 04:06:53,477 - __main__ - INFO - Pipeline initialized successfully
2025-05-29 04:06:53,478 - __main__ - INFO - 🚀 Starting AI Tweet Sentiment Analysis Pipeline
2025-05-29 04:06:53,478 - __main__ - INFO - Starting data extraction from: Final Tweets.csv
2025-05-29 04:06:53,548 - __main__ - INFO - Successfully extracted 25235 records
2025-05-29 04:06:53,548 - __main__ - INFO - Validating input data...
2025-05-29 04:06:53,549 - __main__ - INFO - Data validation passed. Using text column: Tweets
2025-05-29 04:06:53,549 - __main__ - INFO - Starting data transformation...
2025-05-29 04:06:53,550 - __main__ - INFO - Applying text preprocessing...
2025-05-29 04:06:54,396 - __main__ - INFO - Performing sentiment analysis...
2025-05-29 04:06:54,396 - __main__ - INFO - Loading transformer model: cardiffnlp/twitter-roberta-base-sentiment-latest
2025-05-29 04:06:54,684 - transformers.modeling_utils - WARNING - Some weights of the model checkpoint at cardiffnlp/twitter-roberta-base-sentiment-latest were not used when initializing RobertaForSequenceClassification: ['roberta.pooler.dense.bias', 'roberta.pooler.dense.weight']
- This IS expected if you are initializing RobertaForSequenceClassification from the checkpoint of a model trained on another task or with another architecture (e.g. initializing a BertForSequenceClassification model from a BertForPreTraining model).
- This IS NOT expected if you are initializing RobertaForSequenceClassification from the checkpoint of a model that you expect to be exactly identical (initializing a BertForSequenceClassification model from a BertForSequenceClassification model).
2025-05-29 04:06:54,820 - transformers.pipelines.base - WARNING - Device set to use cpu
2025-05-29 04:06:54,822 - __main__ - INFO - Transformer model loaded successfully
2025-05-29 04:08:11,796 - __main__ - INFO - Processed 1000/25235 records
2025-05-29 04:09:22,749 - __main__ - INFO - Processed 2000/25235 records
2025-05-29 04:10:33,434 - __main__ - INFO - Processed 3000/25235 records
2025-05-29 04:11:44,725 - __main__ - INFO - Processed 4000/25235 records
2025-05-29 04:13:03,272 - __main__ - INFO - Processed 5000/25235 records
2025-05-29 04:14:24,812 - __main__ - INFO - Processed 6000/25235 records
2025-05-29 04:15:40,103 - __main__ - INFO - Processed 7000/25235 records
2025-05-29 04:17:05,924 - __main__ - INFO - Processed 8000/25235 records
2025-05-29 04:18:32,206 - __main__ - INFO - Processed 9000/25235 records
2025-05-29 04:19:53,023 - __main__ - INFO - Processed 10000/25235 records
2025-05-29 04:21:06,053 - __main__ - INFO - Processed 11000/25235 records
2025-05-29 04:22:18,344 - __main__ - INFO - Processed 12000/25235 records
2025-05-29 04:23:22,646 - __main__ - INFO - Processed 13000/25235 records
2025-05-29 04:24:32,814 - __main__ - INFO - Processed 14000/25235 records
2025-05-29 04:25:52,688 - __main__ - INFO - Processed 15000/25235 records
2025-05-29 04:27:13,071 - __main__ - INFO - Processed 16000/25235 records
2025-05-29 04:28:25,002 - __main__ - INFO - Processed 17000/25235 records
2025-05-29 04:29:41,880 - __main__ - INFO - Processed 18000/25235 records
2025-05-29 04:30:59,133 - __main__ - INFO - Processed 19000/25235 records
2025-05-29 04:32:15,919 - __main__ - INFO - Processed 20000/25235 records
2025-05-29 04:33:32,831 - __main__ - INFO - Processed 21000/25235 records
2025-05-29 04:34:49,105 - __main__ - INFO - Processed 22000/25235 records
2025-05-29 04:36:04,519 - __main__ - INFO - Processed 23000/25235 records
2025-05-29 04:37:22,901 - __main__ - INFO - Processed 24000/25235 records
2025-05-29 04:38:43,123 - __main__ - INFO - Processed 25000/25235 records
2025-05-29 04:39:00,580 - __main__ - INFO - Transformation completed in 1927.03 seconds
2025-05-29 04:39:00,581 - __main__ - INFO - Starting data loading...
2025-05-29 04:39:00,940 - __main__ - INFO - Pipeline metadata saved to: ./pipeline_outputs/processed_tweets_20250529_043900_metadata.json
2025-05-29 04:39:00,940 - __main__ - INFO - Data successfully loaded to: ./pipeline_outputs/processed_tweets_20250529_043900.csv
2025-05-29 04:39:00,940 - __main__ - INFO - ============================================================
2025-05-29 04:39:00,940 - __main__ - INFO -  PIPELINE EXECUTION SUMMARY
2025-05-29 04:39:00,940 - __main__ - INFO - ============================================================
2025-05-29 04:39:00,940 - __main__ - INFO - Total Records: 25,235
2025-05-29 04:39:00,940 - __main__ - INFO - Successfully Processed: 25,235
2025-05-29 04:39:00,940 - __main__ - INFO - Failed Records: 0
2025-05-29 04:39:00,940 - __main__ - INFO - Success Rate: 100.0%
2025-05-29 04:39:00,940 - __main__ - INFO - Processing Time: 1927.03 seconds
2025-05-29 04:39:00,940 - __main__ - INFO - Processing Speed: 13.1 records/second
2025-05-29 04:39:00,940 - __main__ - INFO -  Pipeline completed successfully!
2025-05-29 07:26:40,336 - __main__ - INFO - Pipeline initialized successfully
2025-05-29 07:26:40,336 - __main__ - INFO - 🚀 Starting AI Tweet Sentiment Analysis Pipeline
2025-05-29 07:26:40,336 - __main__ - INFO - Starting data extraction from: Final Tweets.csv
2025-05-29 07:26:40,402 - __main__ - INFO - Successfully extracted 25235 records
2025-05-29 07:26:40,402 - __main__ - INFO - Validating input data...
2025-05-29 07:26:40,403 - __main__ - INFO - Data validation passed. Using text column: Tweets
2025-05-29 07:26:40,403 - __main__ - INFO - Starting data transformation...
2025-05-29 07:26:40,404 - __main__ - INFO - Applying text preprocessing...
2025-05-29 07:26:41,232 - __main__ - INFO - Performing sentiment analysis...
2025-05-29 07:26:41,232 - __main__ - INFO - Loading transformer model: cardiffnlp/twitter-roberta-base-sentiment-latest
2025-05-29 07:26:41,630 - transformers.modeling_utils - WARNING - Some weights of the model checkpoint at cardiffnlp/twitter-roberta-base-sentiment-latest were not used when initializing RobertaForSequenceClassification: ['roberta.pooler.dense.bias', 'roberta.pooler.dense.weight']
- This IS expected if you are initializing RobertaForSequenceClassification from the checkpoint of a model trained on another task or with another architecture (e.g. initializing a BertForSequenceClassification model from a BertForPreTraining model).
- This IS NOT expected if you are initializing RobertaForSequenceClassification from the checkpoint of a model that you expect to be exactly identical (initializing a BertForSequenceClassification model from a BertForSequenceClassification model).
2025-05-29 07:26:41,815 - transformers.pipelines.base - WARNING - Device set to use cpu
2025-05-29 07:26:41,815 - __main__ - INFO - Transformer model loaded successfully
2025-05-29 07:27:55,706 - __main__ - INFO - Processed 1000/25235 records
2025-05-29 07:29:04,683 - __main__ - INFO - Processed 2000/25235 records
2025-05-29 07:30:14,039 - __main__ - INFO - Processed 3000/25235 records
2025-05-29 07:31:24,384 - __main__ - INFO - Processed 4000/25235 records
2025-05-29 07:32:42,211 - __main__ - INFO - Processed 5000/25235 records
2025-05-29 07:34:02,981 - __main__ - INFO - Processed 6000/25235 records
2025-05-29 07:35:17,570 - __main__ - INFO - Processed 7000/25235 records
2025-05-29 07:36:42,644 - __main__ - INFO - Processed 8000/25235 records
2025-05-29 07:38:08,158 - __main__ - INFO - Processed 9000/25235 records
2025-05-29 07:39:27,944 - __main__ - INFO - Processed 10000/25235 records
2025-05-29 07:40:40,142 - __main__ - INFO - Processed 11000/25235 records
2025-05-29 07:41:51,598 - __main__ - INFO - Processed 12000/25235 records
2025-05-29 07:42:55,004 - __main__ - INFO - Processed 13000/25235 records
2025-05-29 07:44:03,992 - __main__ - INFO - Processed 14000/25235 records
2025-05-29 07:45:22,214 - __main__ - INFO - Processed 15000/25235 records
2025-05-29 07:46:41,046 - __main__ - INFO - Processed 16000/25235 records
2025-05-29 07:47:51,512 - __main__ - INFO - Processed 17000/25235 records
2025-05-29 07:49:06,973 - __main__ - INFO - Processed 18000/25235 records
2025-05-29 07:50:23,095 - __main__ - INFO - Processed 19000/25235 records
2025-05-29 07:51:38,700 - __main__ - INFO - Processed 20000/25235 records
2025-05-29 07:52:55,208 - __main__ - INFO - Processed 21000/25235 records
2025-05-29 07:54:10,208 - __main__ - INFO - Processed 22000/25235 records
2025-05-29 07:55:24,468 - __main__ - INFO - Processed 23000/25235 records
2025-05-29 07:56:41,600 - __main__ - INFO - Processed 24000/25235 records
2025-05-29 07:58:00,465 - __main__ - INFO - Processed 25000/25235 records
2025-05-29 07:58:17,475 - __main__ - INFO - Transformation completed in 1897.07 seconds
2025-05-29 07:58:17,475 - __main__ - INFO - Starting data loading...
2025-05-29 07:58:17,841 - __main__ - INFO - Pipeline metadata saved to: ./pipeline_outputs/processed_tweets_20250529_075817_metadata.json
2025-05-29 07:58:17,841 - __main__ - INFO - Data successfully loaded to: ./pipeline_outputs/processed_tweets_20250529_075817.csv
2025-05-29 07:58:17,842 - __main__ - INFO - ============================================================
2025-05-29 07:58:17,842 - __main__ - INFO -  PIPELINE EXECUTION SUMMARY
2025-05-29 07:58:17,842 - __main__ - INFO - ============================================================
2025-05-29 07:58:17,842 - __main__ - INFO - Total Records: 25,235
2025-05-29 07:58:17,842 - __main__ - INFO - Successfully Processed: 25,235
2025-05-29 07:58:17,842 - __main__ - INFO - Failed Records: 0
2025-05-29 07:58:17,842 - __main__ - INFO - Success Rate: 100.0%
2025-05-29 07:58:17,842 - __main__ - INFO - Processing Time: 1897.07 seconds
2025-05-29 07:58:17,842 - __main__ - INFO - Processing Speed: 13.3 records/second
2025-05-29 07:58:17,842 - __main__ - INFO -  Pipeline completed successfully!
2025-05-29 10:11:26,200 - __main__ - INFO - Pipeline initialized successfully
2025-05-29 10:11:26,200 - __main__ - INFO - 🚀 Starting AI Tweet Sentiment Analysis Pipeline
2025-05-29 10:11:26,200 - __main__ - INFO - Starting data extraction from: Final Tweets.csv
2025-05-29 10:11:26,268 - __main__ - INFO - Successfully extracted 25235 records
2025-05-29 10:11:26,268 - __main__ - INFO - Validating input data...
2025-05-29 10:11:26,270 - __main__ - INFO - Data validation passed. Using text column: Tweets
2025-05-29 10:11:26,270 - __main__ - INFO - Starting data transformation...
2025-05-29 10:11:26,271 - __main__ - INFO - Applying text preprocessing...
2025-05-29 10:11:27,116 - __main__ - INFO - Performing sentiment analysis...
2025-05-29 10:11:27,117 - __main__ - INFO - Loading transformer model: cardiffnlp/twitter-roberta-base-sentiment-latest
2025-05-29 10:11:27,362 - transformers.modeling_utils - WARNING - Some weights of the model checkpoint at cardiffnlp/twitter-roberta-base-sentiment-latest were not used when initializing RobertaForSequenceClassification: ['roberta.pooler.dense.bias', 'roberta.pooler.dense.weight']
- This IS expected if you are initializing RobertaForSequenceClassification from the checkpoint of a model trained on another task or with another architecture (e.g. initializing a BertForSequenceClassification model from a BertForPreTraining model).
- This IS NOT expected if you are initializing RobertaForSequenceClassification from the checkpoint of a model that you expect to be exactly identical (initializing a BertForSequenceClassification model from a BertForSequenceClassification model).
2025-05-29 10:11:27,494 - transformers.pipelines.base - WARNING - Device set to use cpu
2025-05-29 10:11:27,494 - __main__ - INFO - Transformer model loaded successfully
2025-05-29 10:12:43,009 - __main__ - INFO - Processed 1000/25235 records
2025-05-29 10:13:52,334 - __main__ - INFO - Processed 2000/25235 records
2025-05-29 10:15:02,255 - __main__ - INFO - Processed 3000/25235 records
2025-05-29 10:16:12,730 - __main__ - INFO - Processed 4000/25235 records
2025-05-29 10:17:30,865 - __main__ - INFO - Processed 5000/25235 records
2025-05-29 10:18:51,910 - __main__ - INFO - Processed 6000/25235 records
2025-05-29 10:20:06,767 - __main__ - INFO - Processed 7000/25235 records
2025-05-29 10:21:32,121 - __main__ - INFO - Processed 8000/25235 records
2025-05-29 10:22:58,948 - __main__ - INFO - Processed 9000/25235 records
2025-05-29 10:24:20,172 - __main__ - INFO - Processed 10000/25235 records
2025-05-29 10:25:32,587 - __main__ - INFO - Processed 11000/25235 records
2025-05-29 10:26:43,747 - __main__ - INFO - Processed 12000/25235 records
2025-05-29 10:27:46,599 - __main__ - INFO - Processed 13000/25235 records
2025-05-29 10:28:55,119 - __main__ - INFO - Processed 14000/25235 records
2025-05-29 10:30:13,336 - __main__ - INFO - Processed 15000/25235 records
2025-05-29 10:31:32,668 - __main__ - INFO - Processed 16000/25235 records
2025-05-29 10:32:44,114 - __main__ - INFO - Processed 17000/25235 records
2025-05-29 10:34:00,514 - __main__ - INFO - Processed 18000/25235 records
2025-05-29 10:35:17,775 - __main__ - INFO - Processed 19000/25235 records
2025-05-29 10:36:34,144 - __main__ - INFO - Processed 20000/25235 records
2025-05-29 10:37:50,802 - __main__ - INFO - Processed 21000/25235 records
2025-05-29 10:39:06,228 - __main__ - INFO - Processed 22000/25235 records
2025-05-29 10:40:20,357 - __main__ - INFO - Processed 23000/25235 records
2025-05-29 10:41:37,798 - __main__ - INFO - Processed 24000/25235 records
2025-05-29 10:42:57,455 - __main__ - INFO - Processed 25000/25235 records
2025-05-29 10:43:14,635 - __main__ - INFO - Transformation completed in 1908.37 seconds
2025-05-29 10:43:14,635 - __main__ - INFO - Starting data loading...
2025-05-29 10:43:14,995 - __main__ - INFO - Pipeline metadata saved to: ./pipeline_outputs/processed_tweets_20250529_104314_metadata.json
2025-05-29 10:43:14,995 - __main__ - INFO - Data successfully loaded to: ./pipeline_outputs/processed_tweets_20250529_104314.csv
2025-05-29 10:43:14,995 - __main__ - INFO - ============================================================
2025-05-29 10:43:14,995 - __main__ - INFO -  PIPELINE EXECUTION SUMMARY
2025-05-29 10:43:14,995 - __main__ - INFO - ============================================================
2025-05-29 10:43:14,995 - __main__ - INFO - Total Records: 25,235
2025-05-29 10:43:14,995 - __main__ - INFO - Successfully Processed: 25,235
2025-05-29 10:43:14,995 - __main__ - INFO - Failed Records: 0
2025-05-29 10:43:14,995 - __main__ - INFO - Success Rate: 100.0%
2025-05-29 10:43:14,995 - __main__ - INFO - Processing Time: 1908.37 seconds
2025-05-29 10:43:14,996 - __main__ - INFO - Processing Speed: 13.2 records/second
2025-05-29 10:43:14,996 - __main__ - INFO -  Pipeline completed successfully!
